<?xml version="1.0" encoding="UTF-8"?>
<!-- Generated by org.testng.reporters.JUnitXMLReporter -->
<testsuite ignored="0" hostname="LAPTOP-89AJ9SPD" failures="1" tests="1" name="Test" time="0.179" errors="0" timestamp="2020-12-02T13:06:45 IST">
  <testcase classname="hybrid.CreateCustomerTest" name="CreateCustomer" time="0.021">
    <failure type="java.lang.AssertionError" message="null">
      <![CDATA[java.lang.AssertionError: null
at hybrid.CreateCustomerTest.CreateCustomer(CreateCustomerTest.java:15)
at java.base/java.util.ArrayList.forEach(ArrayList.java:1511)
... Removed 29 stack frames]]>
    </failure>
  </testcase> <!-- CreateCustomer -->
</testsuite> <!-- Test -->
