<?xml version="1.0" encoding="UTF-8"?>
<!-- Generated by org.testng.reporters.JUnitXMLReporter -->
<testsuite ignored="0" hostname="LAPTOP-89AJ9SPD" failures="1" tests="1" name="Regression Validate Title Test" time="0.005" errors="0" timestamp="2020-10-26T21:55:59 IST">
  <testcase classname="regression.TestCase2" name="validateTitles" time="0.002">
    <failure type="java.lang.AssertionError" message="The following asserts failed:
	expected [yahoo.com] but found [gmail.com],
	image not present expected [false] but found [true],
	text box not present expected [false] but found [true]">
      <![CDATA[java.lang.AssertionError: The following asserts failed:
expected [yahoo.com] but found [gmail.com],
image not present expected [false] but found [true],
text box not present expected [false] but found [true]
at regression.TestCase2.validateTitles(TestCase2.java:61)
at java.base/java.util.ArrayList.forEach(ArrayList.java:1511)
... Removed 30 stack frames]]>
    </failure>
  </testcase> <!-- validateTitles -->
</testsuite> <!-- Regression Validate Title Test -->
